-------------------------------------------------------------------------------
Test set: OrderTest
-------------------------------------------------------------------------------
Tests run: 4, Failures: 1, Errors: 0, Skipped: 0, Time elapsed: 1.05 s <<< FAILURE! - in OrderTest
createOrder[2](OrderTest)  Time elapsed: 0.249 s  <<< FAILURE!
java.lang.AssertionError: 
1 expectation failed.
Expected status code <200> but was <409>.

	at OrderTest.tearDown(OrderTest.java:33)

